<?xml version="1.0" encoding="UTF-8"?>
<testng-results skipped="0" failed="0" ignored="0" total="1" passed="1">
  <reporter-output>
  </reporter-output>
  <suite name="Default suite" duration-ms="17426" started-at="2019-08-22T12:11:08Z" finished-at="2019-08-22T12:11:25Z">
    <groups>
    </groups>
    <test name="Default test" duration-ms="17426" started-at="2019-08-22T12:11:08Z" finished-at="2019-08-22T12:11:25Z">
      <class name="testcases.TestCase001">
        <test-method status="PASS" signature="launchApplication()[pri:0, instance:testcases.TestCase001@544fe44c]" name="launchApplication" is-config="true" duration-ms="17351" started-at="2019-08-22T17:41:08Z" finished-at="2019-08-22T17:41:25Z">
          <reporter-output>
          </reporter-output>
        </test-method> <!-- launchApplication -->
        <test-method status="PASS" signature="scrollIntoView()[pri:0, instance:testcases.TestCase001@544fe44c]" name="scrollIntoView" duration-ms="39" started-at="2019-08-22T17:41:25Z" finished-at="2019-08-22T17:41:25Z">
          <reporter-output>
          </reporter-output>
        </test-method> <!-- scrollIntoView -->
      </class> <!-- testcases.TestCase001 -->
    </test> <!-- Default test -->
  </suite> <!-- Default suite -->
</testng-results>
